<?xml version="1.0" encoding="UTF-8"?>
<!-- Generated by org.testng.reporters.JUnitReportReporter -->
<testsuite hostname="CDC2-L-01348KL" failures="0" tests="2" name="testCode.FlipkartApp_Test" time="84.439" errors="0" timestamp="2021-06-02T07:43:36 IST" skipped="0">
  <testcase classname="testCode.FlipkartApp_Test" name="logoTest" time="41.889"/>
  <system-out/>
  <testcase classname="testCode.FlipkartApp_Test" name="getTitle" time="42.550"/>
  <system-out/>
</testsuite> <!-- testCode.FlipkartApp_Test -->
