<?xml version="1.0" encoding="UTF-8"?>
<!-- Generated by org.testng.reporters.JUnitReportReporter -->
<testsuite hostname="CDC2-L-01348KL" failures="0" tests="7" name="testCode.AmazonApp_Test" time="50.932" errors="0" timestamp="2021-04-14T17:05:42 IST" skipped="0">
  <testcase classname="testCode.AmazonApp_Test" name="amazonLogoTest" time="6.739"/>
  <system-out/>
  <testcase classname="testCode.AmazonApp_Test" name="titleTest" time="7.712"/>
  <system-out/>
  <testcase classname="testCode.AmazonApp_Test" name="testAddress" time="6.838"/>
  <system-out/>
  <testcase classname="testCode.AmazonApp_Test" name="sampleTest" time="6.732"/>
  <system-out/>
  <testcase classname="testCode.AmazonApp_Test" name="sampleTest" time="9.984"/>
  <system-out/>
  <testcase classname="testCode.AmazonApp_Test" name="sampleTest" time="7.109"/>
  <system-out/>
  <testcase classname="testCode.AmazonApp_Test" name="sampleTest" time="5.818"/>
  <system-out/>
</testsuite> <!-- testCode.AmazonApp_Test -->
