<?xml version="1.0" encoding="UTF-8"?>
<!-- Generated by org.testng.reporters.JUnitReportReporter -->
<testsuite hostname="CDC2-L-01348KL" failures="0" tests="7" name="testCode.AmazonApp_Test" time="78.045" errors="0" timestamp="2021-06-02T07:43:36 IST" skipped="0">
  <testcase classname="testCode.AmazonApp_Test" name="amazonLogoTest" time="17.320"/>
  <system-out/>
  <testcase classname="testCode.AmazonApp_Test" name="titleTest" time="10.331"/>
  <system-out/>
  <testcase classname="testCode.AmazonApp_Test" name="testAddress" time="10.950"/>
  <system-out/>
  <testcase classname="testCode.AmazonApp_Test" name="sampleTest" time="7.840"/>
  <system-out/>
  <testcase classname="testCode.AmazonApp_Test" name="sampleTest" time="10.727"/>
  <system-out/>
  <testcase classname="testCode.AmazonApp_Test" name="sampleTest" time="11.745"/>
  <system-out/>
  <testcase classname="testCode.AmazonApp_Test" name="sampleTest" time="9.132"/>
  <system-out/>
</testsuite> <!-- testCode.AmazonApp_Test -->
