<?xml version="1.0" encoding="UTF-8"?>
<!-- Generated by org.testng.reporters.JUnitReportReporter -->
<testsuite hostname="CDC2-L-01348KL" failures="0" tests="4" name="testCode.BaseTest" time="0.025" errors="0" timestamp="2021-05-28T23:08:12 IST" skipped="0">
  <testcase classname="testCode.BaseTest" name="sampleTest3" time="0.018"/>
  <system-out/>
  <testcase classname="testCode.BaseTest" name="sampleTest1" time="0.003"/>
  <system-out/>
  <testcase classname="testCode.BaseTest" name="sampleTest2" time="0.002"/>
  <system-out/>
  <testcase classname="testCode.BaseTest" name="sampleTest4" time="0.002"/>
  <system-out/>
</testsuite> <!-- testCode.BaseTest -->
