<?xml version="1.0" encoding="UTF-8"?>
<!-- Generated by org.testng.reporters.JUnitReportReporter -->
<testsuite hostname="CDC2-L-01348KL" failures="0" tests="7" name="testCode.AmazonApp_Test" time="87.728" errors="0" timestamp="2021-05-12T12:00:52 IST" skipped="0">
  <testcase classname="testCode.AmazonApp_Test" name="amazonLogoTest" time="13.003"/>
  <system-out/>
  <testcase classname="testCode.AmazonApp_Test" name="titleTest" time="7.688"/>
  <system-out/>
  <testcase classname="testCode.AmazonApp_Test" name="testAddress" time="15.244"/>
  <system-out/>
  <testcase classname="testCode.AmazonApp_Test" name="sampleTest" time="15.595"/>
  <system-out/>
  <testcase classname="testCode.AmazonApp_Test" name="sampleTest" time="15.872"/>
  <system-out/>
  <testcase classname="testCode.AmazonApp_Test" name="sampleTest" time="9.048"/>
  <system-out/>
  <testcase classname="testCode.AmazonApp_Test" name="sampleTest" time="11.278"/>
  <system-out/>
</testsuite> <!-- testCode.AmazonApp_Test -->
