<?xml version="1.0" encoding="UTF-8"?>
<!-- Generated by org.testng.reporters.JUnitReportReporter -->
<testsuite hostname="CDC2-L-01348KL" failures="0" tests="7" name="testCode.TestBase" time="61.084" errors="0" timestamp="2021-06-02T07:43:36 IST" skipped="0">
  <testcase classname="testCode.TestBase" name="amazonLogoTest" time="9.462"/>
  <system-out/>
  <testcase classname="testCode.TestBase" name="titleTest" time="9.338"/>
  <system-out/>
  <testcase classname="testCode.TestBase" name="testAddress" time="9.334"/>
  <system-out/>
  <testcase classname="testCode.TestBase" name="sampleTest" time="7.506"/>
  <system-out/>
  <testcase classname="testCode.TestBase" name="sampleTest" time="8.526"/>
  <system-out/>
  <testcase classname="testCode.TestBase" name="sampleTest" time="8.231"/>
  <system-out/>
  <testcase classname="testCode.TestBase" name="sampleTest" time="8.687"/>
  <system-out/>
</testsuite> <!-- testCode.TestBase -->
