<?xml version="1.0" encoding="UTF-8"?>
<!-- Generated by org.testng.reporters.JUnitReportReporter -->
<testsuite hostname="CDC2-L-01348KL" failures="0" tests="2" name="testCode.FlipkartApp_Test" time="30.565" errors="0" timestamp="2021-04-14T17:05:42 IST" skipped="0">
  <testcase classname="testCode.FlipkartApp_Test" name="logoTest" time="14.919"/>
  <system-out/>
  <testcase classname="testCode.FlipkartApp_Test" name="getTitle" time="15.646"/>
  <system-out/>
</testsuite> <!-- testCode.FlipkartApp_Test -->
