<?xml version="1.0" encoding="UTF-8"?>
<!-- Generated by org.testng.reporters.JUnitReportReporter -->
<testsuite hostname="CDC2-L-01348KL" failures="0" tests="7" name="testCode.TestBase" time="64.720" errors="0" timestamp="2021-05-12T12:00:52 IST" skipped="0">
  <testcase classname="testCode.TestBase" name="amazonLogoTest" time="9.317"/>
  <system-out/>
  <testcase classname="testCode.TestBase" name="titleTest" time="8.332"/>
  <system-out/>
  <testcase classname="testCode.TestBase" name="testAddress" time="13.716"/>
  <system-out/>
  <testcase classname="testCode.TestBase" name="sampleTest" time="9.346"/>
  <system-out/>
  <testcase classname="testCode.TestBase" name="sampleTest" time="6.927"/>
  <system-out/>
  <testcase classname="testCode.TestBase" name="sampleTest" time="9.281"/>
  <system-out/>
  <testcase classname="testCode.TestBase" name="sampleTest" time="7.801"/>
  <system-out/>
</testsuite> <!-- testCode.TestBase -->
