<?xml version="1.0" encoding="UTF-8"?>
<!-- Generated by org.testng.reporters.JUnitReportReporter -->
<testsuite hostname="CDC2-L-01348KL" failures="0" tests="7" name="testCode.TestBase" time="54.582" errors="0" timestamp="2021-04-14T17:08:56 IST" skipped="0">
  <testcase classname="testCode.TestBase" name="amazonLogoTest" time="7.829"/>
  <system-out/>
  <testcase classname="testCode.TestBase" name="titleTest" time="6.775"/>
  <system-out/>
  <testcase classname="testCode.TestBase" name="testAddress" time="7.885"/>
  <system-out/>
  <testcase classname="testCode.TestBase" name="sampleTest" time="9.424"/>
  <system-out/>
  <testcase classname="testCode.TestBase" name="sampleTest" time="9.486"/>
  <system-out/>
  <testcase classname="testCode.TestBase" name="sampleTest" time="7.384"/>
  <system-out/>
  <testcase classname="testCode.TestBase" name="sampleTest" time="5.799"/>
  <system-out/>
</testsuite> <!-- testCode.TestBase -->
