<?xml version="1.0" encoding="UTF-8"?>
<!-- Generated by org.testng.reporters.JUnitReportReporter -->
<testsuite hostname="CDC2-L-01348KL" failures="0" tests="6" name="com.testng.GoogleTest" time="35.902" errors="0" timestamp="2021-04-14T16:31:06 IST" skipped="0">
  <testcase classname="com.testng.GoogleTest" name="googleTitleTest" time="8.060"/>
  <system-out/>
  <testcase classname="com.testng.GoogleTest" name="mailLinkTest" time="6.204"/>
  <system-out/>
  <testcase classname="com.testng.GoogleTest" name="googleSigninTest" time="5.657"/>
  <system-out/>
  <testcase classname="com.testng.GoogleTest" name="googleLogoTest" time="5.232"/>
  <system-out/>
  <testcase classname="com.testng.GoogleTest" name="test1" time="5.339"/>
  <system-out/>
  <testcase classname="com.testng.GoogleTest" name="test2" time="5.410"/>
  <system-out/>
</testsuite> <!-- com.testng.GoogleTest -->
