<?xml version="1.0" encoding="UTF-8"?>
<!-- Generated by org.testng.reporters.JUnitReportReporter -->
<testsuite hostname="CDC2-L-01348KL" failures="0" tests="3" name="com.testng.TestNGFeatures" time="0.008" errors="0" timestamp="2021-04-14T16:31:06 IST" skipped="0">
  <testcase classname="com.testng.TestNGFeatures" name="regPageTest" time="0.002"/>
  <system-out/>
  <testcase classname="com.testng.TestNGFeatures" name="loginTest" time="0.005"/>
  <system-out/>
  <testcase classname="com.testng.TestNGFeatures" name="homePageTest" time="0.001"/>
  <system-out/>
</testsuite> <!-- com.testng.TestNGFeatures -->
