<?xml version="1.0" encoding="UTF-8"?>
<!-- Generated by org.testng.reporters.JUnitReportReporter -->
<testsuite hostname="CDC2-L-01348KL" failures="0" tests="2" name="com.testng.GoogleTitleTest" time="11.190" errors="0" timestamp="2021-04-14T16:31:06 IST" skipped="0">
  <testcase classname="com.testng.GoogleTitleTest" name="googleTitleTest" time="5.553"/>
  <system-out/>
  <testcase classname="com.testng.GoogleTitleTest" name="googleLogoTest" time="5.637"/>
  <system-out/>
</testsuite> <!-- com.testng.GoogleTitleTest -->
