<?xml version="1.0" encoding="UTF-8"?>
<!-- Generated by org.testng.reporters.JUnitReportReporter -->
<testsuite hostname="CDC2-L-01348KL" failures="0" tests="1" name="com.testng.TestNGBasics" time="0.002" errors="0" timestamp="2021-04-14T16:31:06 IST" skipped="0">
  <testcase classname="com.testng.TestNGBasics" name="googleTitleTest" time="0.002"/>
  <system-out/>
</testsuite> <!-- com.testng.TestNGBasics -->
