<?xml version="1.0" encoding="UTF-8"?>
<!-- Generated by org.testng.reporters.JUnitReportReporter -->
<testsuite hostname="CDC2-L-01348KL" failures="0" tests="1" name="com.testng.ExceptionTimeoutTest" time="0.011" errors="0" timestamp="2021-04-14T16:31:06 IST" skipped="0">
  <testcase classname="com.testng.ExceptionTimeoutTest" name="test1" time="0.011"/>
  <system-out/>
</testsuite> <!-- com.testng.ExceptionTimeoutTest -->
