<?xml version="1.0" encoding="UTF-8"?>
<!-- Generated by org.testng.reporters.JUnitReportReporter -->
<testsuite hostname="CDC2-L-01348KL" failures="0" tests="1" name="requestTest.ReTest" time="2.390" errors="0" timestamp="2021-02-18T11:01:36 IST" skipped="0">
  <testcase classname="requestTest.ReTest" name="deleteTest" time="2.390"/>
  <system-out/>
</testsuite> <!-- requestTest.ReTest -->
