<?xml version="1.0" encoding="UTF-8"?>
<!-- Generated by org.testng.reporters.JUnitReportReporter -->
<testsuite hostname="CDC2-L-01348KL" failures="0" tests="3" name="requestTest.Put_Patch_DeleteTest" time="6.264" errors="0" timestamp="2021-02-16T18:56:22 IST" skipped="0">
  <testcase classname="requestTest.Put_Patch_DeleteTest" name="testPatch" time="0.840"/>
  <system-out/>
  <testcase classname="requestTest.Put_Patch_DeleteTest" name="testPut" time="0.778"/>
  <system-out/>
  <testcase classname="requestTest.Put_Patch_DeleteTest" name="testDelete" time="4.646"/>
  <system-out/>
</testsuite> <!-- requestTest.Put_Patch_DeleteTest -->
