<?xml version="1.0" encoding="UTF-8"?>
<!-- Generated by org.testng.reporters.JUnitReportReporter -->
<testsuite hostname="CDC2-L-01348KL" failures="0" tests="1" name="requestTest.Get_PostMethod" time="5.160" errors="0" timestamp="2021-02-15T19:34:36 IST" skipped="0">
  <testcase classname="requestTest.Get_PostMethod" name="testPost" time="5.160"/>
  <system-out/>
</testsuite> <!-- requestTest.Get_PostMethod -->
