<?xml version="1.0" encoding="UTF-8"?>
<!-- Generated by org.testng.reporters.JUnitReportReporter -->
<testsuite hostname="CDC2-L-01348KL" failures="0" tests="1" name="requestTest.SampleTest" time="3.263" errors="0" timestamp="2021-06-01T18:06:55 IST" skipped="0">
  <testcase classname="requestTest.SampleTest" name="test1" time="3.263"/>
  <system-out/>
</testsuite> <!-- requestTest.SampleTest -->
