<?xml version="1.0" encoding="UTF-8"?>
<!-- Generated by org.testng.reporters.JUnitReportReporter -->
<testsuite hostname="CDC2-L-01348KL" failures="0" tests="1" name="requestTest.PractiseTest" time="5.457" errors="0" timestamp="2021-05-28T22:21:42 IST" skipped="0">
  <testcase classname="requestTest.PractiseTest" name="f" time="5.457"/>
  <system-out/>
</testsuite> <!-- requestTest.PractiseTest -->
