<?xml version="1.0" encoding="UTF-8"?>
<!-- Generated by org.testng.reporters.JUnitReportReporter -->
<testsuite hostname="CDC2-L-01348KL" failures="0" tests="1" name="requestTest.Get_Req" time="4.181" errors="0" timestamp="2021-05-06T05:42:22 IST" skipped="0">
  <testcase classname="requestTest.Get_Req" name="test_Get1" time="4.181"/>
  <system-out/>
</testsuite> <!-- requestTest.Get_Req -->
