<?xml version="1.0" encoding="UTF-8"?>
<!-- Generated by org.testng.reporters.JUnitReportReporter -->
<testsuite hostname="CDC2-L-01348KL" failures="0" tests="2" name="requestTest.NewTest" time="4.608" errors="0" timestamp="2021-03-02T12:16:04 IST" skipped="0">
  <testcase classname="requestTest.NewTest" name="getTest" time="4.386"/>
  <system-out/>
  <testcase classname="requestTest.NewTest" name="postTest" time="0.222"/>
  <system-out/>
</testsuite> <!-- requestTest.NewTest -->
