<?xml version="1.0" encoding="UTF-8"?>
<!-- Generated by org.testng.reporters.JUnitReportReporter -->
<testsuite hostname="CDC2-L-01348KL" failures="0" tests="2" name="requestTest.Get_Req" time="5.471" errors="0" timestamp="2021-02-15T17:04:52 IST" skipped="0">
  <testcase classname="requestTest.Get_Req" name="test_Get2" time="1.620"/>
  <system-out/>
  <testcase classname="requestTest.Get_Req" name="test_Get1" time="3.851"/>
  <system-out/>
</testsuite> <!-- requestTest.Get_Req -->
