<?xml version="1.0" encoding="UTF-8"?>
<!-- Generated by org.testng.reporters.JUnitReportReporter -->
<testsuite hostname="CDC2-L-01348KL" failures="0" tests="1" name="requestTest.LocalAPITest" time="3.086" errors="0" timestamp="2021-02-17T15:51:16 IST" skipped="0">
  <testcase classname="requestTest.LocalAPITest" name="deleteTest" time="3.086"/>
  <system-out/>
</testsuite> <!-- requestTest.LocalAPITest -->
